2022-11-07 16:20:31.845 [main] INFO  com.example.Application - Starting Application on 走路的约翰 with PID 6648 (started by 吕九日 in C:\Users\吕九日\Desktop\x-admin-fd1b9b366348ff68371ceafd6f7b3b68b4514e48)
2022-11-07 16:20:31.847 [main] INFO  com.example.Application - No active profile set, falling back to default profiles: default
2022-11-07 16:20:32.510 [main] INFO  o.s.d.r.config.RepositoryConfigurationDelegate - Bootstrapping Spring Data repositories in DEFAULT mode.
2022-11-07 16:20:32.540 [main] INFO  o.s.d.r.config.RepositoryConfigurationDelegate - Finished Spring Data repository scanning in 24ms. Found 0 repository interfaces.
2022-11-07 16:20:32.819 [main] INFO  o.s.c.s.PostProcessorRegistrationDelegate$BeanPostProcessorChecker - Bean 'org.springframework.transaction.annotation.ProxyTransactionManagementConfiguration' of type [org.springframework.transaction.annotation.ProxyTransactionManagementConfiguration$$EnhancerBySpringCGLIB$$7e75136c] is not eligible for getting processed by all BeanPostProcessors (for example: not eligible for auto-proxying)
2022-11-07 16:20:33.060 [main] INFO  o.s.boot.web.embedded.tomcat.TomcatWebServer - Tomcat initialized with port(s): 9999 (http)
2022-11-07 16:20:33.072 [main] INFO  org.apache.coyote.http11.Http11NioProtocol - Initializing ProtocolHandler ["http-nio-9999"]
2022-11-07 16:20:33.076 [main] INFO  org.apache.catalina.core.StandardService - Starting service [Tomcat]
2022-11-07 16:20:33.077 [main] INFO  org.apache.catalina.core.StandardEngine - Starting Servlet Engine: Apache Tomcat/9.0.12
2022-11-07 16:20:33.084 [main] INFO  org.apache.catalina.core.AprLifecycleListener - Loaded APR based Apache Tomcat Native library [1.2.35] using APR version [1.7.0].
2022-11-07 16:20:33.085 [main] INFO  org.apache.catalina.core.AprLifecycleListener - APR capabilities: IPv6 [true], sendfile [true], accept filters [false], random [true].
2022-11-07 16:20:33.085 [main] INFO  org.apache.catalina.core.AprLifecycleListener - APR/OpenSSL configuration: useAprConnector [false], useOpenSSL [true]
2022-11-07 16:20:33.095 [main] INFO  org.apache.catalina.core.AprLifecycleListener - OpenSSL successfully initialized [OpenSSL 1.1.1q  5 Jul 2022]
2022-11-07 16:20:33.212 [main] INFO  o.a.c.core.ContainerBase.[Tomcat].[localhost].[/] - Initializing Spring embedded WebApplicationContext
2022-11-07 16:20:33.213 [main] INFO  org.springframework.web.context.ContextLoader - Root WebApplicationContext: initialization completed in 1331 ms
2022-11-07 16:20:33.238 [main] INFO  o.s.boot.web.servlet.ServletRegistrationBean - Servlet dispatcherServlet mapped to [/]
2022-11-07 16:20:33.242 [main] INFO  o.s.boot.web.servlet.FilterRegistrationBean - Mapping filter: 'characterEncodingFilter' to: [/*]
2022-11-07 16:20:33.242 [main] INFO  o.s.boot.web.servlet.FilterRegistrationBean - Mapping filter: 'hiddenHttpMethodFilter' to: [/*]
2022-11-07 16:20:33.242 [main] INFO  o.s.boot.web.servlet.FilterRegistrationBean - Mapping filter: 'formContentFilter' to: [/*]
2022-11-07 16:20:33.242 [main] INFO  o.s.boot.web.servlet.FilterRegistrationBean - Mapping filter: 'requestContextFilter' to: [/*]
2022-11-07 16:20:33.242 [main] INFO  o.s.boot.web.servlet.FilterRegistrationBean - Mapping filter: 'corsFilter' to: [/*]
2022-11-07 16:20:33.451 [main] INFO  com.alibaba.druid.pool.DruidDataSource - {dataSource-1} inited
2022-11-07 16:20:33.614 [main] INFO  org.hibernate.jpa.internal.util.LogHelper - HHH000204: Processing PersistenceUnitInfo [
	name: default
	...]
2022-11-07 16:20:33.738 [main] INFO  org.hibernate.Version - HHH000412: Hibernate Core {5.3.7.Final}
2022-11-07 16:20:33.740 [main] INFO  org.hibernate.cfg.Environment - HHH000206: hibernate.properties not found
2022-11-07 16:20:33.910 [main] INFO  org.hibernate.annotations.common.Version - HCANN000001: Hibernate Commons Annotations {5.0.4.Final}
2022-11-07 16:20:34.151 [main] INFO  org.hibernate.dialect.Dialect - HHH000400: Using dialect: org.hibernate.dialect.MySQL5Dialect
2022-11-07 16:20:34.435 [main] INFO  o.s.orm.jpa.LocalContainerEntityManagerFactoryBean - Initialized JPA EntityManagerFactory for persistence unit 'default'
2022-11-07 16:20:35.049 [main] WARN  o.s.b.a.o.j.JpaBaseConfiguration$JpaWebConfiguration$JpaWebMvcConfiguration - spring.jpa.open-in-view is enabled by default. Therefore, database queries may be performed during view rendering. Explicitly configure spring.jpa.open-in-view to disable this warning
2022-11-07 16:20:35.239 [main] INFO  o.s.scheduling.concurrent.ThreadPoolTaskExecutor - Initializing ExecutorService 'applicationTaskExecutor'
2022-11-07 16:20:35.382 [main] INFO  s.d.s.w.PropertySourcedRequestMappingHandlerMapping - Mapped URL path [/v2/api-docs] onto method [public org.springframework.http.ResponseEntity<springfox.documentation.spring.web.json.Json> springfox.documentation.swagger2.web.Swagger2Controller.getDocumentation(java.lang.String,javax.servlet.http.HttpServletRequest)]
2022-11-07 16:20:35.521 [main] INFO  s.d.s.web.plugins.DocumentationPluginsBootstrapper - Context refreshed
2022-11-07 16:20:35.544 [main] INFO  s.d.s.web.plugins.DocumentationPluginsBootstrapper - Found 1 custom documentation plugin(s)
2022-11-07 16:20:35.597 [main] INFO  s.d.spring.web.scanners.ApiListingReferenceScanner - Scanning for api listing references
2022-11-07 16:20:35.798 [main] INFO  s.d.s.w.r.operation.CachingOperationNameGenerator - Generating unique operation named: viewFilesImageUsingGET_1
2022-11-07 16:20:35.859 [main] INFO  s.d.s.w.r.operation.CachingOperationNameGenerator - Generating unique operation named: deleteUsingDELETE_1
2022-11-07 16:20:35.866 [main] INFO  s.d.s.w.r.operation.CachingOperationNameGenerator - Generating unique operation named: findAllUsingGET_1
2022-11-07 16:20:35.869 [main] INFO  s.d.s.w.r.operation.CachingOperationNameGenerator - Generating unique operation named: findByIdUsingGET_1
2022-11-07 16:20:35.879 [main] INFO  s.d.s.w.r.operation.CachingOperationNameGenerator - Generating unique operation named: findPageUsingGET_1
2022-11-07 16:20:35.883 [main] INFO  s.d.s.w.r.operation.CachingOperationNameGenerator - Generating unique operation named: saveUsingPOST_1
2022-11-07 16:20:35.885 [main] INFO  s.d.s.w.r.operation.CachingOperationNameGenerator - Generating unique operation named: updateUsingPUT_1
2022-11-07 16:20:35.886 [main] INFO  s.d.s.w.r.operation.CachingOperationNameGenerator - Generating unique operation named: deleteUsingDELETE_2
2022-11-07 16:20:35.891 [main] INFO  s.d.s.w.r.operation.CachingOperationNameGenerator - Generating unique operation named: findAllUsingGET_2
2022-11-07 16:20:35.894 [main] INFO  s.d.s.w.r.operation.CachingOperationNameGenerator - Generating unique operation named: findByIdUsingGET_2
2022-11-07 16:20:35.899 [main] INFO  s.d.s.w.r.operation.CachingOperationNameGenerator - Generating unique operation named: findPageUsingGET_2
2022-11-07 16:20:35.900 [main] INFO  s.d.s.w.r.operation.CachingOperationNameGenerator - Generating unique operation named: saveUsingPOST_2
2022-11-07 16:20:35.901 [main] INFO  s.d.s.w.r.operation.CachingOperationNameGenerator - Generating unique operation named: updateUsingPUT_2
2022-11-07 16:20:35.903 [main] INFO  s.d.s.w.r.operation.CachingOperationNameGenerator - Generating unique operation named: deleteUsingDELETE_3
2022-11-07 16:20:35.910 [main] INFO  s.d.s.w.r.operation.CachingOperationNameGenerator - Generating unique operation named: findAllUsingGET_3
2022-11-07 16:20:35.913 [main] INFO  s.d.s.w.r.operation.CachingOperationNameGenerator - Generating unique operation named: findByIdUsingGET_3
2022-11-07 16:20:35.918 [main] INFO  s.d.s.w.r.operation.CachingOperationNameGenerator - Generating unique operation named: findPageUsingGET_3
2022-11-07 16:20:35.930 [main] INFO  s.d.s.w.r.operation.CachingOperationNameGenerator - Generating unique operation named: saveUsingPOST_3
2022-11-07 16:20:35.932 [main] INFO  s.d.s.w.r.operation.CachingOperationNameGenerator - Generating unique operation named: updateUsingPUT_3
2022-11-07 16:20:35.956 [main] INFO  org.apache.coyote.http11.Http11NioProtocol - Starting ProtocolHandler ["http-nio-9999"]
2022-11-07 16:20:36.019 [main] INFO  org.apache.tomcat.util.net.NioSelectorPool - Using a shared selector for servlet write/read
2022-11-07 16:20:36.056 [main] INFO  o.s.boot.web.embedded.tomcat.TomcatWebServer - Tomcat started on port(s): 9999 (http) with context path ''
2022-11-07 16:20:36.062 [main] INFO  com.example.Application - Started Application in 4.456 seconds (JVM running for 5.183)
2022-11-07 16:20:44.693 [http-nio-9999-exec-1] INFO  o.a.c.core.ContainerBase.[Tomcat].[localhost].[/] - Initializing Spring DispatcherServlet 'dispatcherServlet'
2022-11-07 16:20:44.694 [http-nio-9999-exec-1] INFO  org.springframework.web.servlet.DispatcherServlet - Initializing Servlet 'dispatcherServlet'
2022-11-07 16:20:44.706 [http-nio-9999-exec-1] INFO  org.springframework.web.servlet.DispatcherServlet - Completed initialization in 12 ms
2022-11-07 16:23:22.269 [http-nio-9999-exec-7] WARN  com.alibaba.druid.pool.DruidAbstractDataSource - discard long time none received connection. , jdbcUrl : jdbc:mysql://localhost:3306/yanxuetong1?useUnicode=true&characterEncoding=utf-8&allowMultiQueries=true&useSSL=false&serverTimezone=GMT%2b8, version : 1.2.2, lastPacketReceivedIdleMillis : 98446
2022-11-07 16:26:20.431 [http-nio-9999-exec-6] WARN  com.alibaba.druid.pool.DruidAbstractDataSource - discard long time none received connection. , jdbcUrl : jdbc:mysql://localhost:3306/yanxuetong1?useUnicode=true&characterEncoding=utf-8&allowMultiQueries=true&useSSL=false&serverTimezone=GMT%2b8, version : 1.2.2, lastPacketReceivedIdleMillis : 84492
2022-11-07 16:26:20.433 [http-nio-9999-exec-7] WARN  com.alibaba.druid.pool.DruidAbstractDataSource - discard long time none received connection. , jdbcUrl : jdbc:mysql://localhost:3306/yanxuetong1?useUnicode=true&characterEncoding=utf-8&allowMultiQueries=true&useSSL=false&serverTimezone=GMT%2b8, version : 1.2.2, lastPacketReceivedIdleMillis : 84495
